#
# A fatal error has been detected by the Java Runtime Environment:
#
#  EXCEPTION_ACCESS_VIOLATION (0xc0000005) at pc=0x00007ffe3bb987d3, pid=28516, tid=106320
#
# JRE version: OpenJDK Runtime Environment Zulu11.41+23-CA (11.0.8+10) (build 11.0.8+10-LTS)
# Java VM: OpenJDK 64-Bit Server VM Zulu11.41+23-CA (11.0.8+10-LTS, mixed mode, tiered, compressed oops, g1 gc, windows-amd64)
# Problematic frame:
# V  [jvm.dll+0x3687d3]
#
# No core dump will be written. Minidumps are not enabled by default on client versions of Windows
#
# If you would like to submit a bug report, please visit:
#   http://www.azulsystems.com/support/
#

---------------  S U M M A R Y ------------

Command Line: -agentlib:jdwp=transport=dt_socket,address=127.0.0.1:59693,suspend=y,server=n -javaagent:C:\Users\Dove\AppData\Local\JetBrains\IntelliJIdea2021.3\captureAgent\debugger-agent.jar -Dfile.encoding=UTF-8 server.Server

Host: Intel(R) Core(TM) i7-9750H CPU @ 2.60GHz, 12 cores, 15G,  Windows 10 , 64 bit Build 19041 (10.0.19041.1348)
Time: Wed Dec 22 13:47:08 2021 中国标准时间 elapsed time: 505 seconds (0d 0h 8m 25s)

---------------  T H R E A D  ---------------

Current thread (0x000001de26500800):  JavaThread "Thread-19368" [_thread_in_vm, id=106320, stack(0x000000b9ab700000,0x000000b9ab800000)]

Stack: [0x000000b9ab700000,0x000000b9ab800000],  sp=0x000000b9ab7feda0,  free space=1019k
Native frames: (J=compiled Java code, j=interpreted, Vv=VM code, C=native code)
V  [jvm.dll+0x3687d3]
V  [jvm.dll+0x5e1d32]
V  [jvm.dll+0x36853e]
V  [jvm.dll+0x3b6963]
